[debug] [2025-05-21T18:06:10.136Z] ----------------------------------------------------------------------
[debug] [2025-05-21T18:06:10.137Z] Command:       /usr/local/bin/firebase /home/shogo/.cache/firebase/tools/lib/node_modules/firebase-tools/lib/bin/firebase init
[debug] [2025-05-21T18:06:10.137Z] CLI Version:   14.4.0
[debug] [2025-05-21T18:06:10.137Z] Platform:      linux
[debug] [2025-05-21T18:06:10.138Z] Node Version:  v20.18.2
[debug] [2025-05-21T18:06:10.138Z] Time:          Wed May 21 2025 15:06:10 GMT-0300 (Brasilia Standard Time)
[debug] [2025-05-21T18:06:10.138Z] ----------------------------------------------------------------------
[debug] 
[debug] [2025-05-21T18:06:10.141Z] > command requires scopes: ["email","openid","https://www.googleapis.com/auth/cloudplatformprojects.readonly","https://www.googleapis.com/auth/firebase","https://www.googleapis.com/auth/cloud-platform"]
[debug] [2025-05-21T18:06:10.141Z] > authorizing via signed-in user (sancatalogo@gmail.com)
[info] 
     ######## #### ########  ######## ########     ###     ######  ########
     ##        ##  ##     ## ##       ##     ##  ##   ##  ##       ##
     ######    ##  ########  ######   ########  #########  ######  ######
     ##        ##  ##    ##  ##       ##     ## ##     ##       ## ##
     ##       #### ##     ## ######## ########  ##     ##  ######  ########

You're about to initialize a Firebase project in this directory:

  /home/shogo/Documents/github/boost-aex/frontend

[debug] [2025-05-21T18:21:32.669Z] ExitPromptError: User force closed the prompt with SIGINT
    at Interface.sigint (/home/shogo/.cache/firebase/tools/lib/node_modules/@inquirer/core/dist/commonjs/lib/create-prompt.js:100:37)
    at Interface.emit (node:events:518:28)
    at Interface.emit (node:domain:489:12)
    at [_ttyWrite] [as _ttyWrite] (node:internal/readline/interface:1125:18)
    at ReadStream.onkeypress (node:internal/readline/interface:264:20)
    at ReadStream.emit (node:events:530:35)
    at ReadStream.emit (node:domain:489:12)
    at emitKeys (node:internal/readline/utils:371:14)
    at emitKeys.next (<anonymous>)
    at ReadStream.onData (node:internal/readline/emitKeypressEvents:64:36)
[error] 
[error] Error: An unexpected error has occurred.
